<?xml version="1.0" encoding="UTF-8"?>
<testsuite name="species.PredatorTest" tests="1" skipped="0" failures="0" errors="0" timestamp="2019-10-27T22:54:03" hostname="daniel-Lenovo" time="0.099">
  <properties/>
  <testcase name="move01()" classname="species.PredatorTest" time="0.099"/>
  <system-out><![CDATA[]]></system-out>
  <system-err><![CDATA[]]></system-err>
</testsuite>
